<?xml version="1.0" encoding="UTF-8"?>
<testsuite name="DummyTest" tests="1" skipped="0" failures="0" errors="0" timestamp="2021-07-20T15:01:16" hostname="LDMEN01" time="0.001">
  <properties/>
  <testcase name="acceptance_test" classname="DummyTest" time="0.001"/>
  <system-out><![CDATA[]]></system-out>
  <system-err><![CDATA[]]></system-err>
</testsuite>
